#name "loop.cs"
#1 TYPEID int[]
#1 OBJECTID numbers
#1 ASSIGN
#1 NEW
#1 TYPEID int[]
#1 '{'
#1 INT_CONST 3
#1 ','
#1 INT_CONST 14
#1 '}'
#1 ';'
#2 TYPEID int
#2 OBJECTID num
#2 ASSIGN
#2 INT_CONST 0
#2 ';'
#3 FOREACH
#3 '('
#3 TYPEID int
#3 OBJECTID item
#3 IN
#3 OBJECTID numbers
#3 ')'
#4 '{'
#5 OBJECTID item
#5 ASSIGN
#5 OBJECTID num
#5 '+'
#5 '+'
#5 ';'
#6 '}'
#7 TYPEID int
#7 OBJECTID n
#7 ASSIGN
#7 INT_CONST 0
#7 ';'
#8 WHILE
#8 '('
#8 OBJECTID n
#8 LE
#8 INT_CONST 5
#8 ')'
#9 '{'
#10 TYPEID Console
#10 '.'
#10 OBJECTID write
#10 '('
#10 OBJECTID n
#10 ')'
#10 ';'
#11 OBJECTID n
#11 '+'
#11 '+'
#11 ';'
#12 '}'